2015-02-17 20:23:48,300 -  INFO - org.springframework.web.context.ContextLoader - initWebApplicationContext - Root WebApplicationContext: initialization started
2015-02-17 20:23:48,555 -  INFO - org.springframework.context.support.AbstractApplicationContext - prepareRefresh - Refreshing Root WebApplicationContext: startup date [Tue Feb 17 20:23:48 IST 2015]; root of context hierarchy
2015-02-17 20:23:48,661 -  INFO - org.springframework.beans.factory.xml.XmlBeanDefinitionReader - loadBeanDefinitions - Loading XML bean definitions from URL [file:/C:/Users/Manas%20Ranjan/workspace/MessMaster/target/classes/mess-ApplicationContext.xml]
2015-02-17 20:23:50,066 -  INFO - org.springframework.beans.factory.annotation.AutowiredAnnotationBeanPostProcessor - <init> - JSR-330 'javax.inject.Inject' annotation found and supported for autowiring
2015-02-17 20:23:50,549 -  INFO - org.springframework.web.servlet.handler.AbstractHandlerMethodMapping - registerHandlerMethod - Mapped "{[/login],methods=[GET],params=[],headers=[],consumes=[],produces=[],custom=[]}" onto public java.lang.String com.mrptech.mess.controller.LoginController.customerLogin(javax.servlet.http.HttpServletRequest,org.springframework.ui.Model)
2015-02-17 20:23:50,551 -  INFO - org.springframework.web.servlet.handler.AbstractHandlerMethodMapping - registerHandlerMethod - Mapped "{[/login/test],methods=[GET],params=[],headers=[],consumes=[],produces=[],custom=[]}" onto public java.lang.String com.mrptech.mess.controller.LoginController.viewAdmin(java.util.Map,java.lang.Long,java.util.Locale,javax.servlet.http.HttpServletRequest)
2015-02-17 20:23:50,552 -  INFO - org.springframework.web.servlet.handler.AbstractHandlerMethodMapping - registerHandlerMethod - Mapped "{[/login],methods=[POST],params=[],headers=[],consumes=[],produces=[],custom=[]}" onto public java.lang.String com.mrptech.mess.controller.LoginController.doCustomerLogin(java.util.Map,javax.servlet.http.HttpServletRequest,java.util.Locale,com.mrptech.mess.dto.AuthenticationDto)
2015-02-17 20:23:52,416 -  INFO - org.springframework.web.servlet.handler.AbstractUrlHandlerMapping - registerHandler - Mapped URL path [/login] onto handler 'loginController'
2015-02-17 20:23:52,432 -  INFO - org.springframework.web.servlet.handler.AbstractUrlHandlerMapping - registerHandler - Mapped URL path [/login/*] onto handler 'loginController'
2015-02-17 20:23:52,448 -  INFO - org.springframework.web.context.ContextLoader - initWebApplicationContext - Root WebApplicationContext: initialization completed in 4137 ms
2015-02-17 20:23:52,693 -  INFO - org.springframework.web.servlet.FrameworkServlet - initServletBean - FrameworkServlet 'mess': initialization started
2015-02-17 20:23:52,699 -  INFO - org.springframework.context.support.AbstractApplicationContext - prepareRefresh - Refreshing WebApplicationContext for namespace 'mess-servlet': startup date [Tue Feb 17 20:23:52 IST 2015]; parent: Root WebApplicationContext
2015-02-17 20:23:52,699 -  INFO - org.springframework.beans.factory.xml.XmlBeanDefinitionReader - loadBeanDefinitions - Loading XML bean definitions from ServletContext resource [/WEB-INF/mess-servlet.xml]
2015-02-17 20:23:53,074 -  INFO - org.springframework.beans.factory.annotation.AutowiredAnnotationBeanPostProcessor - <init> - JSR-330 'javax.inject.Inject' annotation found and supported for autowiring
2015-02-17 20:23:53,146 -  INFO - org.springframework.web.servlet.handler.AbstractHandlerMethodMapping - registerHandlerMethod - Mapped "{[/login],methods=[GET],params=[],headers=[],consumes=[],produces=[],custom=[]}" onto public java.lang.String com.mrptech.mess.controller.LoginController.customerLogin(javax.servlet.http.HttpServletRequest,org.springframework.ui.Model)
2015-02-17 20:23:53,148 -  INFO - org.springframework.web.servlet.handler.AbstractHandlerMethodMapping - registerHandlerMethod - Mapped "{[/login/test],methods=[GET],params=[],headers=[],consumes=[],produces=[],custom=[]}" onto public java.lang.String com.mrptech.mess.controller.LoginController.viewAdmin(java.util.Map,java.lang.Long,java.util.Locale,javax.servlet.http.HttpServletRequest)
2015-02-17 20:23:53,153 -  INFO - org.springframework.web.servlet.handler.AbstractHandlerMethodMapping - registerHandlerMethod - Mapped "{[/login],methods=[POST],params=[],headers=[],consumes=[],produces=[],custom=[]}" onto public java.lang.String com.mrptech.mess.controller.LoginController.doCustomerLogin(java.util.Map,javax.servlet.http.HttpServletRequest,java.util.Locale,com.mrptech.mess.dto.AuthenticationDto)
2015-02-17 20:23:53,599 -  INFO - org.apache.tiles.access.TilesAccess - setContainer - Publishing TilesContext for context: org.springframework.web.servlet.view.tiles2.SpringWildcardServletTilesApplicationContext
2015-02-17 20:23:53,699 -  INFO - org.springframework.web.servlet.FrameworkServlet - initServletBean - FrameworkServlet 'mess': initialization completed in 1005 ms
2015-02-17 20:40:04,601 -  INFO - org.springframework.web.context.ContextLoader - initWebApplicationContext - Root WebApplicationContext: initialization started
2015-02-17 20:40:04,946 -  INFO - org.springframework.context.support.AbstractApplicationContext - prepareRefresh - Refreshing Root WebApplicationContext: startup date [Tue Feb 17 20:40:04 IST 2015]; root of context hierarchy
2015-02-17 20:40:05,071 -  INFO - org.springframework.beans.factory.xml.XmlBeanDefinitionReader - loadBeanDefinitions - Loading XML bean definitions from URL [file:/C:/Users/Manas%20Ranjan/workspace/MessMaster/target/classes/mess-ApplicationContext.xml]
2015-02-17 20:40:06,554 -  INFO - org.springframework.beans.factory.annotation.AutowiredAnnotationBeanPostProcessor - <init> - JSR-330 'javax.inject.Inject' annotation found and supported for autowiring
2015-02-17 20:40:06,991 -  INFO - org.springframework.web.servlet.handler.AbstractHandlerMethodMapping - registerHandlerMethod - Mapped "{[/login],methods=[GET],params=[],headers=[],consumes=[],produces=[],custom=[]}" onto public java.lang.String com.mrptech.mess.controller.LoginController.customerLogin(javax.servlet.http.HttpServletRequest,org.springframework.ui.Model)
2015-02-17 20:40:06,991 -  INFO - org.springframework.web.servlet.handler.AbstractHandlerMethodMapping - registerHandlerMethod - Mapped "{[/login/test],methods=[GET],params=[],headers=[],consumes=[],produces=[],custom=[]}" onto public java.lang.String com.mrptech.mess.controller.LoginController.viewAdmin(java.util.Map,java.lang.Long,java.util.Locale,javax.servlet.http.HttpServletRequest)
2015-02-17 20:40:06,991 -  INFO - org.springframework.web.servlet.handler.AbstractHandlerMethodMapping - registerHandlerMethod - Mapped "{[/login],methods=[POST],params=[],headers=[],consumes=[],produces=[],custom=[]}" onto public java.lang.String com.mrptech.mess.controller.LoginController.doCustomerLogin(java.util.Map,javax.servlet.http.HttpServletRequest,java.util.Locale,com.mrptech.mess.dto.AuthenticationDto)
2015-02-17 20:40:08,616 -  INFO - org.springframework.web.servlet.handler.AbstractUrlHandlerMapping - registerHandler - Mapped URL path [/login] onto handler 'loginController'
2015-02-17 20:40:08,616 -  INFO - org.springframework.web.servlet.handler.AbstractUrlHandlerMapping - registerHandler - Mapped URL path [/login/*] onto handler 'loginController'
2015-02-17 20:40:08,663 -  INFO - org.springframework.web.context.ContextLoader - initWebApplicationContext - Root WebApplicationContext: initialization completed in 4049 ms
2015-02-17 20:40:08,710 -  INFO - org.springframework.web.servlet.FrameworkServlet - initServletBean - FrameworkServlet 'mess': initialization started
2015-02-17 20:40:08,716 -  INFO - org.springframework.context.support.AbstractApplicationContext - prepareRefresh - Refreshing WebApplicationContext for namespace 'mess-servlet': startup date [Tue Feb 17 20:40:08 IST 2015]; parent: Root WebApplicationContext
2015-02-17 20:40:08,716 -  INFO - org.springframework.beans.factory.xml.XmlBeanDefinitionReader - loadBeanDefinitions - Loading XML bean definitions from ServletContext resource [/WEB-INF/mess-servlet.xml]
2015-02-17 20:40:09,013 -  INFO - org.springframework.beans.factory.annotation.AutowiredAnnotationBeanPostProcessor - <init> - JSR-330 'javax.inject.Inject' annotation found and supported for autowiring
2015-02-17 20:40:09,060 -  INFO - org.springframework.web.servlet.handler.AbstractHandlerMethodMapping - registerHandlerMethod - Mapped "{[/login],methods=[GET],params=[],headers=[],consumes=[],produces=[],custom=[]}" onto public java.lang.String com.mrptech.mess.controller.LoginController.customerLogin(javax.servlet.http.HttpServletRequest,org.springframework.ui.Model)
2015-02-17 20:40:09,060 -  INFO - org.springframework.web.servlet.handler.AbstractHandlerMethodMapping - registerHandlerMethod - Mapped "{[/login/test],methods=[GET],params=[],headers=[],consumes=[],produces=[],custom=[]}" onto public java.lang.String com.mrptech.mess.controller.LoginController.viewAdmin(java.util.Map,java.lang.Long,java.util.Locale,javax.servlet.http.HttpServletRequest)
2015-02-17 20:40:09,075 -  INFO - org.springframework.web.servlet.handler.AbstractHandlerMethodMapping - registerHandlerMethod - Mapped "{[/login],methods=[POST],params=[],headers=[],consumes=[],produces=[],custom=[]}" onto public java.lang.String com.mrptech.mess.controller.LoginController.doCustomerLogin(java.util.Map,javax.servlet.http.HttpServletRequest,java.util.Locale,com.mrptech.mess.dto.AuthenticationDto)
2015-02-17 20:40:09,711 -  INFO - org.apache.tiles.access.TilesAccess - setContainer - Publishing TilesContext for context: org.springframework.web.servlet.view.tiles2.SpringWildcardServletTilesApplicationContext
2015-02-17 20:40:09,893 -  INFO - org.springframework.web.servlet.FrameworkServlet - initServletBean - FrameworkServlet 'mess': initialization completed in 1178 ms
2015-02-17 20:41:46,463 -  INFO - org.springframework.web.context.ContextLoader - initWebApplicationContext - Root WebApplicationContext: initialization started
2015-02-17 20:41:46,695 -  INFO - org.springframework.context.support.AbstractApplicationContext - prepareRefresh - Refreshing Root WebApplicationContext: startup date [Tue Feb 17 20:41:46 IST 2015]; root of context hierarchy
2015-02-17 20:41:46,778 -  INFO - org.springframework.beans.factory.xml.XmlBeanDefinitionReader - loadBeanDefinitions - Loading XML bean definitions from URL [file:/C:/Users/Manas%20Ranjan/workspace/MessMaster/target/classes/mess-ApplicationContext.xml]
2015-02-17 20:41:47,580 -  INFO - org.springframework.beans.factory.annotation.AutowiredAnnotationBeanPostProcessor - <init> - JSR-330 'javax.inject.Inject' annotation found and supported for autowiring
2015-02-17 20:41:47,799 -  INFO - org.springframework.web.servlet.handler.AbstractHandlerMethodMapping - registerHandlerMethod - Mapped "{[/login],methods=[POST],params=[],headers=[],consumes=[],produces=[],custom=[]}" onto public java.lang.String com.mrptech.mess.controller.LoginController.doCustomerLogin(java.util.Map,javax.servlet.http.HttpServletRequest,java.util.Locale,com.mrptech.mess.dto.AuthenticationDto)
2015-02-17 20:41:47,799 -  INFO - org.springframework.web.servlet.handler.AbstractHandlerMethodMapping - registerHandlerMethod - Mapped "{[/login],methods=[GET],params=[],headers=[],consumes=[],produces=[],custom=[]}" onto public java.lang.String com.mrptech.mess.controller.LoginController.customerLogin(javax.servlet.http.HttpServletRequest,org.springframework.ui.Model)
2015-02-17 20:41:47,799 -  INFO - org.springframework.web.servlet.handler.AbstractHandlerMethodMapping - registerHandlerMethod - Mapped "{[/login/test],methods=[GET],params=[],headers=[],consumes=[],produces=[],custom=[]}" onto public java.lang.String com.mrptech.mess.controller.LoginController.viewAdmin(java.util.Map,java.lang.Long,java.util.Locale,javax.servlet.http.HttpServletRequest)
2015-02-17 20:41:48,783 -  INFO - org.springframework.web.servlet.handler.AbstractUrlHandlerMapping - registerHandler - Mapped URL path [/login] onto handler 'loginController'
2015-02-17 20:41:48,799 -  INFO - org.springframework.web.servlet.handler.AbstractUrlHandlerMapping - registerHandler - Mapped URL path [/login/*] onto handler 'loginController'
2015-02-17 20:41:48,799 -  INFO - org.springframework.web.context.ContextLoader - initWebApplicationContext - Root WebApplicationContext: initialization completed in 2329 ms
2015-02-17 20:41:48,862 -  INFO - org.springframework.web.servlet.FrameworkServlet - initServletBean - FrameworkServlet 'mess': initialization started
2015-02-17 20:41:48,873 -  INFO - org.springframework.context.support.AbstractApplicationContext - prepareRefresh - Refreshing WebApplicationContext for namespace 'mess-servlet': startup date [Tue Feb 17 20:41:48 IST 2015]; parent: Root WebApplicationContext
2015-02-17 20:41:48,873 -  INFO - org.springframework.beans.factory.xml.XmlBeanDefinitionReader - loadBeanDefinitions - Loading XML bean definitions from ServletContext resource [/WEB-INF/mess-servlet.xml]
2015-02-17 20:41:49,170 -  INFO - org.springframework.beans.factory.annotation.AutowiredAnnotationBeanPostProcessor - <init> - JSR-330 'javax.inject.Inject' annotation found and supported for autowiring
2015-02-17 20:41:49,232 -  INFO - org.springframework.web.servlet.handler.AbstractHandlerMethodMapping - registerHandlerMethod - Mapped "{[/login],methods=[POST],params=[],headers=[],consumes=[],produces=[],custom=[]}" onto public java.lang.String com.mrptech.mess.controller.LoginController.doCustomerLogin(java.util.Map,javax.servlet.http.HttpServletRequest,java.util.Locale,com.mrptech.mess.dto.AuthenticationDto)
2015-02-17 20:41:49,232 -  INFO - org.springframework.web.servlet.handler.AbstractHandlerMethodMapping - registerHandlerMethod - Mapped "{[/login],methods=[GET],params=[],headers=[],consumes=[],produces=[],custom=[]}" onto public java.lang.String com.mrptech.mess.controller.LoginController.customerLogin(javax.servlet.http.HttpServletRequest,org.springframework.ui.Model)
2015-02-17 20:41:49,232 -  INFO - org.springframework.web.servlet.handler.AbstractHandlerMethodMapping - registerHandlerMethod - Mapped "{[/login/test],methods=[GET],params=[],headers=[],consumes=[],produces=[],custom=[]}" onto public java.lang.String com.mrptech.mess.controller.LoginController.viewAdmin(java.util.Map,java.lang.Long,java.util.Locale,javax.servlet.http.HttpServletRequest)
2015-02-17 20:41:49,773 -  INFO - org.apache.tiles.access.TilesAccess - setContainer - Publishing TilesContext for context: org.springframework.web.servlet.view.tiles2.SpringWildcardServletTilesApplicationContext
2015-02-17 20:41:49,909 -  INFO - org.springframework.web.servlet.FrameworkServlet - initServletBean - FrameworkServlet 'mess': initialization completed in 1037 ms
2015-02-17 20:48:06,784 -  INFO - org.springframework.web.context.ContextLoader - initWebApplicationContext - Root WebApplicationContext: initialization started
2015-02-17 20:48:06,900 -  INFO - org.springframework.context.support.AbstractApplicationContext - prepareRefresh - Refreshing Root WebApplicationContext: startup date [Tue Feb 17 20:48:06 IST 2015]; root of context hierarchy
2015-02-17 20:48:06,947 -  INFO - org.springframework.beans.factory.xml.XmlBeanDefinitionReader - loadBeanDefinitions - Loading XML bean definitions from URL [file:/C:/Users/Manas%20Ranjan/workspace/MessMaster/target/classes/mess-ApplicationContext.xml]
2015-02-17 20:48:07,427 -  INFO - org.springframework.beans.factory.annotation.AutowiredAnnotationBeanPostProcessor - <init> - JSR-330 'javax.inject.Inject' annotation found and supported for autowiring
2015-02-17 20:48:07,600 -  INFO - org.springframework.web.servlet.handler.AbstractHandlerMethodMapping - registerHandlerMethod - Mapped "{[/login],methods=[GET],params=[],headers=[],consumes=[],produces=[],custom=[]}" onto public java.lang.String com.mrptech.mess.controller.LoginController.customerLogin(javax.servlet.http.HttpServletRequest,org.springframework.ui.Model)
2015-02-17 20:48:07,600 -  INFO - org.springframework.web.servlet.handler.AbstractHandlerMethodMapping - registerHandlerMethod - Mapped "{[/login/test],methods=[GET],params=[],headers=[],consumes=[],produces=[],custom=[]}" onto public java.lang.String com.mrptech.mess.controller.LoginController.viewAdmin(java.util.Map,java.lang.Long,java.util.Locale,javax.servlet.http.HttpServletRequest)
2015-02-17 20:48:07,601 -  INFO - org.springframework.web.servlet.handler.AbstractHandlerMethodMapping - registerHandlerMethod - Mapped "{[/login],methods=[POST],params=[],headers=[],consumes=[],produces=[],custom=[]}" onto public java.lang.String com.mrptech.mess.controller.LoginController.doCustomerLogin(java.util.Map,javax.servlet.http.HttpServletRequest,java.util.Locale,com.mrptech.mess.dto.AuthenticationDto)
2015-02-17 20:48:08,127 -  INFO - org.springframework.web.servlet.handler.AbstractUrlHandlerMapping - registerHandler - Mapped URL path [/login] onto handler 'loginController'
2015-02-17 20:48:08,128 -  INFO - org.springframework.web.servlet.handler.AbstractUrlHandlerMapping - registerHandler - Mapped URL path [/login/*] onto handler 'loginController'
2015-02-17 20:48:08,133 -  INFO - org.springframework.web.context.ContextLoader - initWebApplicationContext - Root WebApplicationContext: initialization completed in 1345 ms
2015-02-17 20:48:08,149 -  INFO - org.springframework.web.servlet.FrameworkServlet - initServletBean - FrameworkServlet 'mess': initialization started
2015-02-17 20:48:08,152 -  INFO - org.springframework.context.support.AbstractApplicationContext - prepareRefresh - Refreshing WebApplicationContext for namespace 'mess-servlet': startup date [Tue Feb 17 20:48:08 IST 2015]; parent: Root WebApplicationContext
2015-02-17 20:48:08,154 -  INFO - org.springframework.beans.factory.xml.XmlBeanDefinitionReader - loadBeanDefinitions - Loading XML bean definitions from ServletContext resource [/WEB-INF/mess-servlet.xml]
2015-02-17 20:48:08,284 -  INFO - org.springframework.beans.factory.annotation.AutowiredAnnotationBeanPostProcessor - <init> - JSR-330 'javax.inject.Inject' annotation found and supported for autowiring
2015-02-17 20:48:08,306 -  INFO - org.springframework.web.servlet.handler.AbstractHandlerMethodMapping - registerHandlerMethod - Mapped "{[/login],methods=[GET],params=[],headers=[],consumes=[],produces=[],custom=[]}" onto public java.lang.String com.mrptech.mess.controller.LoginController.customerLogin(javax.servlet.http.HttpServletRequest,org.springframework.ui.Model)
2015-02-17 20:48:08,307 -  INFO - org.springframework.web.servlet.handler.AbstractHandlerMethodMapping - registerHandlerMethod - Mapped "{[/login/test],methods=[GET],params=[],headers=[],consumes=[],produces=[],custom=[]}" onto public java.lang.String com.mrptech.mess.controller.LoginController.viewAdmin(java.util.Map,java.lang.Long,java.util.Locale,javax.servlet.http.HttpServletRequest)
2015-02-17 20:48:08,309 -  INFO - org.springframework.web.servlet.handler.AbstractHandlerMethodMapping - registerHandlerMethod - Mapped "{[/login],methods=[POST],params=[],headers=[],consumes=[],produces=[],custom=[]}" onto public java.lang.String com.mrptech.mess.controller.LoginController.doCustomerLogin(java.util.Map,javax.servlet.http.HttpServletRequest,java.util.Locale,com.mrptech.mess.dto.AuthenticationDto)
2015-02-17 20:48:08,493 -  INFO - org.apache.tiles.access.TilesAccess - setContainer - Publishing TilesContext for context: org.springframework.web.servlet.view.tiles2.SpringWildcardServletTilesApplicationContext
2015-02-17 20:48:08,539 -  INFO - org.springframework.web.servlet.FrameworkServlet - initServletBean - FrameworkServlet 'mess': initialization completed in 390 ms
2015-02-17 20:48:29,176 -  WARN - org.springframework.web.servlet.DispatcherServlet - noHandlerFound - No mapping found for HTTP request with URI [/MessMaster/mess/test] in DispatcherServlet with name 'mess'
2015-02-17 20:48:36,424 -  WARN - org.springframework.web.servlet.DispatcherServlet - noHandlerFound - No mapping found for HTTP request with URI [/MessMaster/mess/test] in DispatcherServlet with name 'mess'
2015-02-17 20:48:51,547 -  WARN - org.springframework.web.servlet.DispatcherServlet - noHandlerFound - No mapping found for HTTP request with URI [/MessMaster/mess/login/login/test] in DispatcherServlet with name 'mess'
2015-02-17 20:52:10,530 -  WARN - org.springframework.web.servlet.DispatcherServlet - noHandlerFound - No mapping found for HTTP request with URI [/MessMaster/mess/login/login/test] in DispatcherServlet with name 'mess'
2015-02-17 20:52:28,990 -  WARN - org.springframework.web.servlet.DispatcherServlet - noHandlerFound - No mapping found for HTTP request with URI [/MessMaster/mess/login/login/test] in DispatcherServlet with name 'mess'
2015-02-17 20:53:44,186 -  WARN - org.springframework.web.servlet.DispatcherServlet - noHandlerFound - No mapping found for HTTP request with URI [/MessMaster/mess/login/login/test] in DispatcherServlet with name 'mess'
